<?xml version='1.0' encoding='UTF-8'?>
<testsuite hostname="DESKTOP-4MT6HE5" name="WT_Olyakov.WebToursSimulation" tests="1" errors="0" failures="0" skipped="0" time="1273753.629" timestamp="2025-08-10T19:18:17">
          <properties>
[...]
</properties>
          <testcase classname="WT_Olyakov.WebToursSimulation" name="" time="1273753.629">
                      
                    </testcase>
          <system-out><![CDATA[]]></system-out>
          <system-err><![CDATA[]]></system-err>
        </testsuite>